0 info it worked if it ends with ok
1 verbose cli [ 'C:\\Program Files\\nodejs\\node.exe',
1 verbose cli   'C:\\Program Files\\nodejs\\node_modules\\npm\\bin\\npm-cli.js',
1 verbose cli   'install' ]
2 info using npm@2.14.7
3 info using node@v4.2.2
4 verbose readDependencies loading dependencies from D:\git\atpexp\package.json
5 verbose install where, deps [ 'D:\\git\\atpexp',
5 verbose install   [ 'body-parser',
5 verbose install     'composable-middleware',
5 verbose install     'compression',
5 verbose install     'connect-mongo',
5 verbose install     'connect-multiparty',
5 verbose install     'cookie-parser',
5 verbose install     'ejs',
5 verbose install     'errorhandler',
5 verbose install     'express',
5 verbose install     'express-jwt',
5 verbose install     'express-session',
5 verbose install     'jsonwebtoken',
5 verbose install     'lodash',
5 verbose install     'method-override',
5 verbose install     'mongoose',
5 verbose install     'morgan',
5 verbose install     'passport',
5 verbose install     'passport-local',
5 verbose install     'serve-favicon',
5 verbose install     'grunt',
5 verbose install     'grunt-autoprefixer',
5 verbose install     'grunt-wiredep',
5 verbose install     'grunt-concurrent',
5 verbose install     'grunt-contrib-clean',
5 verbose install     'grunt-contrib-concat',
5 verbose install     'grunt-contrib-copy',
5 verbose install     'grunt-contrib-cssmin',
5 verbose install     'grunt-contrib-htmlmin',
5 verbose install     'grunt-contrib-imagemin',
5 verbose install     'grunt-contrib-jshint',
5 verbose install     'grunt-contrib-uglify',
5 verbose install     'grunt-contrib-watch',
5 verbose install     'grunt-google-cdn',
5 verbose install     'grunt-newer',
5 verbose install     'grunt-ng-annotate',
5 verbose install     'grunt-rev',
5 verbose install     'grunt-svgmin',
5 verbose install     'grunt-usemin',
5 verbose install     'grunt-env',
5 verbose install     'grunt-node-inspector',
5 verbose install     'grunt-nodemon',
5 verbose install     'grunt-angular-templates',
5 verbose install     'grunt-dom-munger',
5 verbose install     'grunt-protractor-runner',
5 verbose install     'grunt-asset-injector',
5 verbose install     'grunt-karma',
5 verbose install     'grunt-build-control',
5 verbose install     'grunt-mocha-test',
5 verbose install     'jit-grunt',
5 verbose install     'time-grunt',
5 verbose install     'grunt-express-server',
5 verbose install     'grunt-open',
5 verbose install     'open',
5 verbose install     'jshint-stylish',
5 verbose install     'connect-livereload',
5 verbose install     'karma-ng-scenario',
5 verbose install     'karma-firefox-launcher',
5 verbose install     'karma-script-launcher',
5 verbose install     'karma-html2js-preprocessor',
5 verbose install     'karma-ng-jade2js-preprocessor',
5 verbose install     'karma-jasmine',
5 verbose install     'karma-chrome-launcher',
5 verbose install     'requirejs',
5 verbose install     'karma-requirejs',
5 verbose install     'karma-coffee-preprocessor',
5 verbose install     'karma-jade-preprocessor',
5 verbose install     'karma-phantomjs-launcher',
5 verbose install     'karma',
5 verbose install     'karma-ng-html2js-preprocessor',
5 verbose install     'supertest',
5 verbose install     'should' ] ]
6 verbose install where, peers [ 'D:\\git\\atpexp', [] ]
7 verbose installManyTop reading for lifecycle D:\git\atpexp\package.json
8 info preinstall atr-exp@0.1.1
9 verbose installManyTop reading scoped package data from D:\git\atpexp\node_modules\async\package.json
10 verbose installManyTop reading scoped package data from D:\git\atpexp\node_modules\bluebird\package.json
11 verbose installManyTop reading scoped package data from D:\git\atpexp\node_modules\body-parser\package.json
12 verbose installManyTop reading scoped package data from D:\git\atpexp\node_modules\bootstrap\package.json
13 verbose installManyTop reading scoped package data from D:\git\atpexp\node_modules\bootstrap-switch\package.json
14 verbose installManyTop reading scoped package data from D:\git\atpexp\node_modules\composable-middleware\package.json
15 verbose installManyTop reading scoped package data from D:\git\atpexp\node_modules\compression\package.json
16 verbose installManyTop reading scoped package data from D:\git\atpexp\node_modules\connect-livereload\package.json
17 verbose installManyTop reading scoped package data from D:\git\atpexp\node_modules\connect-mongo\package.json
18 verbose installManyTop reading scoped package data from D:\git\atpexp\node_modules\connect-multiparty\package.json
19 verbose installManyTop reading scoped package data from D:\git\atpexp\node_modules\cookie-parser\package.json
20 verbose installManyTop reading scoped package data from D:\git\atpexp\node_modules\ejs\package.json
21 verbose installManyTop reading scoped package data from D:\git\atpexp\node_modules\errorhandler\package.json
22 verbose installManyTop reading scoped package data from D:\git\atpexp\node_modules\express\package.json
23 verbose installManyTop reading scoped package data from D:\git\atpexp\node_modules\express-jwt\package.json
24 verbose installManyTop reading scoped package data from D:\git\atpexp\node_modules\express-session\package.json
25 verbose installManyTop reading scoped package data from D:\git\atpexp\node_modules\grunt\package.json
26 verbose installManyTop reading scoped package data from D:\git\atpexp\node_modules\grunt-angular-templates\package.json
27 verbose installManyTop reading scoped package data from D:\git\atpexp\node_modules\grunt-asset-injector\package.json
28 verbose installManyTop reading scoped package data from D:\git\atpexp\node_modules\grunt-autoprefixer\package.json
29 verbose installManyTop reading scoped package data from D:\git\atpexp\node_modules\grunt-build-control\package.json
30 verbose installManyTop reading scoped package data from D:\git\atpexp\node_modules\grunt-concurrent\package.json
31 verbose installManyTop reading scoped package data from D:\git\atpexp\node_modules\grunt-contrib-clean\package.json
32 verbose installManyTop reading scoped package data from D:\git\atpexp\node_modules\grunt-contrib-concat\package.json
33 verbose installManyTop reading scoped package data from D:\git\atpexp\node_modules\grunt-contrib-copy\package.json
34 verbose installManyTop reading scoped package data from D:\git\atpexp\node_modules\grunt-contrib-cssmin\package.json
35 verbose installManyTop reading scoped package data from D:\git\atpexp\node_modules\grunt-contrib-htmlmin\package.json
36 verbose installManyTop reading scoped package data from D:\git\atpexp\node_modules\grunt-contrib-imagemin\package.json
37 verbose installManyTop reading scoped package data from D:\git\atpexp\node_modules\grunt-contrib-jshint\package.json
38 verbose installManyTop reading scoped package data from D:\git\atpexp\node_modules\grunt-contrib-uglify\package.json
39 verbose installManyTop reading scoped package data from D:\git\atpexp\node_modules\grunt-contrib-watch\package.json
40 verbose installManyTop reading scoped package data from D:\git\atpexp\node_modules\grunt-dom-munger\package.json
41 verbose installManyTop reading scoped package data from D:\git\atpexp\node_modules\grunt-env\package.json
42 verbose installManyTop reading scoped package data from D:\git\atpexp\node_modules\grunt-express-server\package.json
43 verbose installManyTop reading scoped package data from D:\git\atpexp\node_modules\grunt-google-cdn\package.json
44 verbose installManyTop reading scoped package data from D:\git\atpexp\node_modules\grunt-karma\package.json
45 verbose installManyTop reading scoped package data from D:\git\atpexp\node_modules\grunt-mocha-test\package.json
46 verbose installManyTop reading scoped package data from D:\git\atpexp\node_modules\grunt-newer\package.json
47 verbose installManyTop reading scoped package data from D:\git\atpexp\node_modules\grunt-ng-annotate\package.json
48 verbose installManyTop reading scoped package data from D:\git\atpexp\node_modules\grunt-nodemon\package.json
49 verbose installManyTop reading scoped package data from D:\git\atpexp\node_modules\grunt-open\package.json
50 verbose installManyTop reading scoped package data from D:\git\atpexp\node_modules\grunt-protractor-runner\package.json
51 verbose installManyTop reading scoped package data from D:\git\atpexp\node_modules\grunt-rev\package.json
52 verbose installManyTop reading scoped package data from D:\git\atpexp\node_modules\grunt-svgmin\package.json
53 verbose installManyTop reading scoped package data from D:\git\atpexp\node_modules\grunt-usemin\package.json
54 verbose installManyTop reading scoped package data from D:\git\atpexp\node_modules\grunt-wiredep\package.json
55 verbose installManyTop reading scoped package data from D:\git\atpexp\node_modules\jit-grunt\package.json
56 verbose installManyTop reading scoped package data from D:\git\atpexp\node_modules\jshint-stylish\package.json
57 verbose installManyTop reading scoped package data from D:\git\atpexp\node_modules\jsonwebtoken\package.json
58 verbose installManyTop reading scoped package data from D:\git\atpexp\node_modules\karma\package.json
59 verbose installManyTop reading scoped package data from D:\git\atpexp\node_modules\karma-chrome-launcher\package.json
60 verbose installManyTop reading scoped package data from D:\git\atpexp\node_modules\karma-coffee-preprocessor\package.json
61 verbose installManyTop reading scoped package data from D:\git\atpexp\node_modules\karma-firefox-launcher\package.json
62 verbose installManyTop reading scoped package data from D:\git\atpexp\node_modules\karma-html2js-preprocessor\package.json
63 verbose installManyTop reading scoped package data from D:\git\atpexp\node_modules\karma-jade-preprocessor\package.json
64 verbose installManyTop reading scoped package data from D:\git\atpexp\node_modules\karma-jasmine\package.json
65 verbose installManyTop reading scoped package data from D:\git\atpexp\node_modules\karma-ng-html2js-preprocessor\package.json
66 verbose installManyTop reading scoped package data from D:\git\atpexp\node_modules\karma-ng-jade2js-preprocessor\package.json
67 verbose installManyTop reading scoped package data from D:\git\atpexp\node_modules\karma-ng-scenario\package.json
68 verbose installManyTop reading scoped package data from D:\git\atpexp\node_modules\karma-phantomjs-launcher\package.json
69 verbose installManyTop reading scoped package data from D:\git\atpexp\node_modules\karma-requirejs\package.json
70 verbose installManyTop reading scoped package data from D:\git\atpexp\node_modules\karma-script-launcher\package.json
71 verbose installManyTop reading scoped package data from D:\git\atpexp\node_modules\lodash\package.json
72 verbose installManyTop reading scoped package data from D:\git\atpexp\node_modules\method-override\package.json
73 verbose installManyTop reading scoped package data from D:\git\atpexp\node_modules\mongoose\package.json
74 verbose installManyTop reading scoped package data from D:\git\atpexp\node_modules\morgan\package.json
75 verbose installManyTop reading scoped package data from D:\git\atpexp\node_modules\open\package.json
76 verbose installManyTop reading scoped package data from D:\git\atpexp\node_modules\passport\package.json
77 verbose installManyTop reading scoped package data from D:\git\atpexp\node_modules\passport-local\package.json
78 verbose installManyTop reading scoped package data from D:\git\atpexp\node_modules\requirejs\package.json
79 verbose installManyTop reading scoped package data from D:\git\atpexp\node_modules\serve-favicon\package.json
80 verbose installManyTop reading scoped package data from D:\git\atpexp\node_modules\should\package.json
81 verbose installManyTop reading scoped package data from D:\git\atpexp\node_modules\supertest\package.json
82 verbose installManyTop reading scoped package data from D:\git\atpexp\node_modules\time-grunt\package.json
83 info package.json composable-middleware@0.3.0 No license field.
84 info package.json connect-livereload@0.4.1 No license field.
85 info package.json cookie-parser@1.0.1 No license field.
86 info package.json ejs@0.8.8 No license field.
87 info package.json express-jwt@0.1.4 No license field.
88 info package.json grunt@0.4.5 No license field.
89 info package.json connect-mongo@0.4.2 No license field.
90 info package.json grunt-asset-injector@0.1.0 No license field.
91 info package.json grunt-angular-templates@0.5.9 No license field.
92 info package.json grunt-contrib-concat@0.4.0 No license field.
93 info package.json grunt-contrib-clean@0.5.0 No license field.
94 info package.json grunt-concurrent@0.5.0 No license field.
95 info package.json grunt-contrib-copy@0.5.0 No license field.
96 info package.json grunt-contrib-cssmin@0.9.0 No license field.
97 info package.json grunt-contrib-imagemin@0.7.2 No license field.
98 info package.json grunt-contrib-jshint@0.10.0 No license field.
99 info package.json grunt-contrib-uglify@0.4.1 No license field.
100 info package.json grunt-contrib-watch@0.6.1 No license field.
101 info package.json grunt-env@0.4.4 No license field.
102 info package.json grunt-build-control@0.1.3 No license field.
103 info package.json grunt-contrib-htmlmin@0.2.0 No license field.
104 info package.json grunt-express-server@0.4.19 No license field.
105 info package.json grunt-google-cdn@0.4.3 license should be a valid SPDX license expression
106 info package.json grunt-mocha-test@0.10.2 No license field.
107 info package.json grunt-dom-munger@3.4.0 No license field.
108 info package.json grunt-open@0.2.3 No license field.
109 info package.json grunt-rev@0.1.0 No license field.
110 info package.json grunt-ng-annotate@0.2.3 No license field.
111 info package.json grunt-svgmin@0.4.0 No license field.
112 info package.json grunt-protractor-runner@1.2.1 No license field.
113 info package.json grunt-wiredep@1.8.0 No license field.
114 info package.json grunt-usemin@2.1.1 license should be a valid SPDX license expression
115 info package.json mongoose@3.8.37 No license field.
116 info package.json passport-local@0.1.6 No license field.
117 info package.json grunt-newer@0.7.0 No license field.
118 info package.json should@3.3.2 No license field.
119 info package.json requirejs@2.1.22 No license field.
120 info package.json bootstrap-switch@3.3.2 license should be a valid SPDX license expression
121 verbose readDependencies loading dependencies from D:\git\atpexp\package.json
122 verbose targetResolver reading package data from D:\git\atpexp\node_modules\async\package.json
123 verbose targetResolver reading package data from D:\git\atpexp\node_modules\bluebird\package.json
124 verbose targetResolver reading package data from D:\git\atpexp\node_modules\body-parser\package.json
125 verbose targetResolver reading package data from D:\git\atpexp\node_modules\bootstrap\package.json
126 verbose targetResolver reading package data from D:\git\atpexp\node_modules\bootstrap-switch\package.json
127 verbose targetResolver reading package data from D:\git\atpexp\node_modules\composable-middleware\package.json
128 verbose targetResolver reading package data from D:\git\atpexp\node_modules\compression\package.json
129 verbose targetResolver reading package data from D:\git\atpexp\node_modules\connect-livereload\package.json
130 verbose targetResolver reading package data from D:\git\atpexp\node_modules\connect-mongo\package.json
131 verbose targetResolver reading package data from D:\git\atpexp\node_modules\connect-multiparty\package.json
132 verbose targetResolver reading package data from D:\git\atpexp\node_modules\cookie-parser\package.json
133 verbose targetResolver reading package data from D:\git\atpexp\node_modules\ejs\package.json
134 verbose targetResolver reading package data from D:\git\atpexp\node_modules\errorhandler\package.json
135 verbose targetResolver reading package data from D:\git\atpexp\node_modules\express\package.json
136 verbose targetResolver reading package data from D:\git\atpexp\node_modules\express-jwt\package.json
137 verbose targetResolver reading package data from D:\git\atpexp\node_modules\express-session\package.json
138 verbose targetResolver reading package data from D:\git\atpexp\node_modules\grunt\package.json
139 verbose targetResolver reading package data from D:\git\atpexp\node_modules\grunt-angular-templates\package.json
140 verbose targetResolver reading package data from D:\git\atpexp\node_modules\grunt-asset-injector\package.json
141 verbose targetResolver reading package data from D:\git\atpexp\node_modules\grunt-autoprefixer\package.json
142 verbose targetResolver reading package data from D:\git\atpexp\node_modules\grunt-build-control\package.json
143 verbose targetResolver reading package data from D:\git\atpexp\node_modules\grunt-concurrent\package.json
144 verbose targetResolver reading package data from D:\git\atpexp\node_modules\grunt-contrib-clean\package.json
145 verbose targetResolver reading package data from D:\git\atpexp\node_modules\grunt-contrib-concat\package.json
146 verbose targetResolver reading package data from D:\git\atpexp\node_modules\grunt-contrib-copy\package.json
147 verbose targetResolver reading package data from D:\git\atpexp\node_modules\grunt-contrib-cssmin\package.json
148 verbose targetResolver reading package data from D:\git\atpexp\node_modules\grunt-contrib-htmlmin\package.json
149 verbose targetResolver reading package data from D:\git\atpexp\node_modules\grunt-contrib-imagemin\package.json
150 verbose targetResolver reading package data from D:\git\atpexp\node_modules\grunt-contrib-jshint\package.json
151 verbose targetResolver reading package data from D:\git\atpexp\node_modules\grunt-contrib-uglify\package.json
152 verbose targetResolver reading package data from D:\git\atpexp\node_modules\grunt-contrib-watch\package.json
153 verbose targetResolver reading package data from D:\git\atpexp\node_modules\grunt-dom-munger\package.json
154 verbose targetResolver reading package data from D:\git\atpexp\node_modules\grunt-env\package.json
155 verbose targetResolver reading package data from D:\git\atpexp\node_modules\grunt-express-server\package.json
156 verbose targetResolver reading package data from D:\git\atpexp\node_modules\grunt-google-cdn\package.json
157 verbose targetResolver reading package data from D:\git\atpexp\node_modules\grunt-karma\package.json
158 verbose targetResolver reading package data from D:\git\atpexp\node_modules\grunt-mocha-test\package.json
159 verbose targetResolver reading package data from D:\git\atpexp\node_modules\grunt-newer\package.json
160 verbose targetResolver reading package data from D:\git\atpexp\node_modules\grunt-ng-annotate\package.json
161 verbose targetResolver reading package data from D:\git\atpexp\node_modules\grunt-nodemon\package.json
162 verbose targetResolver reading package data from D:\git\atpexp\node_modules\grunt-open\package.json
163 verbose targetResolver reading package data from D:\git\atpexp\node_modules\grunt-protractor-runner\package.json
164 verbose targetResolver reading package data from D:\git\atpexp\node_modules\grunt-rev\package.json
165 verbose targetResolver reading package data from D:\git\atpexp\node_modules\grunt-svgmin\package.json
166 verbose targetResolver reading package data from D:\git\atpexp\node_modules\grunt-usemin\package.json
167 verbose targetResolver reading package data from D:\git\atpexp\node_modules\grunt-wiredep\package.json
168 verbose targetResolver reading package data from D:\git\atpexp\node_modules\jit-grunt\package.json
169 verbose targetResolver reading package data from D:\git\atpexp\node_modules\jshint-stylish\package.json
170 verbose targetResolver reading package data from D:\git\atpexp\node_modules\jsonwebtoken\package.json
171 verbose targetResolver reading package data from D:\git\atpexp\node_modules\karma\package.json
172 verbose targetResolver reading package data from D:\git\atpexp\node_modules\karma-chrome-launcher\package.json
173 verbose targetResolver reading package data from D:\git\atpexp\node_modules\karma-coffee-preprocessor\package.json
174 verbose targetResolver reading package data from D:\git\atpexp\node_modules\karma-firefox-launcher\package.json
175 verbose targetResolver reading package data from D:\git\atpexp\node_modules\karma-html2js-preprocessor\package.json
176 verbose targetResolver reading package data from D:\git\atpexp\node_modules\karma-jade-preprocessor\package.json
177 verbose targetResolver reading package data from D:\git\atpexp\node_modules\karma-jasmine\package.json
178 verbose targetResolver reading package data from D:\git\atpexp\node_modules\karma-ng-html2js-preprocessor\package.json
179 verbose targetResolver reading package data from D:\git\atpexp\node_modules\karma-ng-jade2js-preprocessor\package.json
180 verbose targetResolver reading package data from D:\git\atpexp\node_modules\karma-ng-scenario\package.json
181 verbose targetResolver reading package data from D:\git\atpexp\node_modules\karma-phantomjs-launcher\package.json
182 verbose targetResolver reading package data from D:\git\atpexp\node_modules\karma-requirejs\package.json
183 verbose targetResolver reading package data from D:\git\atpexp\node_modules\karma-script-launcher\package.json
184 verbose targetResolver reading package data from D:\git\atpexp\node_modules\lodash\package.json
185 verbose targetResolver reading package data from D:\git\atpexp\node_modules\method-override\package.json
186 verbose targetResolver reading package data from D:\git\atpexp\node_modules\mongoose\package.json
187 verbose targetResolver reading package data from D:\git\atpexp\node_modules\morgan\package.json
188 verbose targetResolver reading package data from D:\git\atpexp\node_modules\open\package.json
189 verbose targetResolver reading package data from D:\git\atpexp\node_modules\passport\package.json
190 verbose targetResolver reading package data from D:\git\atpexp\node_modules\passport-local\package.json
191 verbose targetResolver reading package data from D:\git\atpexp\node_modules\requirejs\package.json
192 verbose targetResolver reading package data from D:\git\atpexp\node_modules\serve-favicon\package.json
193 verbose targetResolver reading package data from D:\git\atpexp\node_modules\should\package.json
194 verbose targetResolver reading package data from D:\git\atpexp\node_modules\supertest\package.json
195 verbose targetResolver reading package data from D:\git\atpexp\node_modules\time-grunt\package.json
196 verbose targetResolver reading package data from D:\git\atpexp\node_modules\.bin\grunt-open\package.json
197 verbose targetResolver reading package data from D:\git\atpexp\node_modules\.bin\grunt-open.cmd\package.json
198 verbose targetResolver reading package data from D:\git\atpexp\node_modules\.bin\karma\package.json
199 verbose targetResolver reading package data from D:\git\atpexp\node_modules\.bin\karma.cmd\package.json
200 verbose targetResolver reading package data from D:\git\atpexp\node_modules\.bin\r.js\package.json
201 verbose targetResolver reading package data from D:\git\atpexp\node_modules\.bin\r.js.cmd\package.json
202 verbose already installed skipping grunt@~0.4.4 D:\git\atpexp
203 verbose already installed skipping grunt-autoprefixer@~0.7.2 D:\git\atpexp
204 verbose already installed skipping grunt-wiredep@~1.8.0 D:\git\atpexp
205 verbose already installed skipping grunt-concurrent@~0.5.0 D:\git\atpexp
206 verbose already installed skipping grunt-contrib-clean@~0.5.0 D:\git\atpexp
207 verbose already installed skipping grunt-contrib-concat@~0.4.0 D:\git\atpexp
208 verbose already installed skipping grunt-contrib-copy@~0.5.0 D:\git\atpexp
209 verbose already installed skipping grunt-contrib-cssmin@~0.9.0 D:\git\atpexp
210 verbose already installed skipping grunt-contrib-htmlmin@~0.2.0 D:\git\atpexp
211 verbose already installed skipping grunt-contrib-imagemin@~0.7.1 D:\git\atpexp
212 verbose already installed skipping grunt-contrib-jshint@~0.10.0 D:\git\atpexp
213 verbose already installed skipping grunt-contrib-uglify@~0.4.0 D:\git\atpexp
214 verbose already installed skipping grunt-contrib-watch@~0.6.1 D:\git\atpexp
215 verbose already installed skipping grunt-google-cdn@~0.4.0 D:\git\atpexp
216 verbose already installed skipping grunt-newer@~0.7.0 D:\git\atpexp
217 verbose already installed skipping grunt-ng-annotate@^0.2.3 D:\git\atpexp
218 verbose already installed skipping grunt-rev@~0.1.0 D:\git\atpexp
219 verbose already installed skipping grunt-svgmin@~0.4.0 D:\git\atpexp
220 verbose already installed skipping grunt-usemin@~2.1.1 D:\git\atpexp
221 verbose already installed skipping grunt-env@~0.4.1 D:\git\atpexp
222 silly cache add args [ 'grunt-node-inspector@~0.1.5', null ]
223 verbose cache add spec grunt-node-inspector@~0.1.5
224 silly cache add parsed spec Result {
224 silly cache add   raw: 'grunt-node-inspector@~0.1.5',
224 silly cache add   scope: null,
224 silly cache add   name: 'grunt-node-inspector',
224 silly cache add   rawSpec: '~0.1.5',
224 silly cache add   spec: '>=0.1.5 <0.2.0',
224 silly cache add   type: 'range' }
225 silly addNamed grunt-node-inspector@>=0.1.5 <0.2.0
226 verbose addNamed ">=0.1.5 <0.2.0" is a valid semver range for grunt-node-inspector
227 silly addNameRange { name: 'grunt-node-inspector',
227 silly addNameRange   range: '>=0.1.5 <0.2.0',
227 silly addNameRange   hasData: false }
228 silly mapToRegistry name grunt-node-inspector
229 silly mapToRegistry using default registry
230 silly mapToRegistry registry https://registry.npmjs.org/
231 silly mapToRegistry uri https://registry.npmjs.org/grunt-node-inspector
232 verbose addNameRange registry:https://registry.npmjs.org/grunt-node-inspector not in flight; fetching
233 verbose already installed skipping grunt-nodemon@~0.2.0 D:\git\atpexp
234 verbose already installed skipping grunt-angular-templates@^0.5.4 D:\git\atpexp
235 verbose already installed skipping grunt-dom-munger@^3.4.0 D:\git\atpexp
236 verbose already installed skipping grunt-protractor-runner@^1.1.0 D:\git\atpexp
237 verbose already installed skipping grunt-asset-injector@^0.1.0 D:\git\atpexp
238 verbose already installed skipping grunt-karma@~0.8.2 D:\git\atpexp
239 silly cache add args [ 'grunt-build-control@github:daftmonk/grunt-build-control',
239 silly cache add   null ]
240 verbose cache add spec grunt-build-control@github:daftmonk/grunt-build-control
241 verbose already installed skipping grunt-mocha-test@~0.10.2 D:\git\atpexp
242 verbose already installed skipping jit-grunt@^0.5.0 D:\git\atpexp
243 verbose already installed skipping time-grunt@~0.3.1 D:\git\atpexp
244 silly cache add parsed spec Result {
244 silly cache add   raw: 'grunt-build-control@github:daftmonk/grunt-build-control',
244 silly cache add   scope: null,
244 silly cache add   name: 'grunt-build-control',
244 silly cache add   rawSpec: 'github:daftmonk/grunt-build-control',
244 silly cache add   spec: 'github:daftmonk/grunt-build-control',
244 silly cache add   type: 'hosted',
244 silly cache add   hosted:
244 silly cache add    { type: 'github',
244 silly cache add      ssh: 'git@github.com:daftmonk/grunt-build-control.git',
244 silly cache add      sshUrl: 'git+ssh://git@github.com/daftmonk/grunt-build-control.git',
244 silly cache add      httpsUrl: 'git+https://github.com/daftmonk/grunt-build-control.git',
244 silly cache add      gitUrl: 'git://github.com/daftmonk/grunt-build-control.git',
244 silly cache add      shortcut: 'github:daftmonk/grunt-build-control',
244 silly cache add      directUrl: 'https://raw.githubusercontent.com/daftmonk/grunt-build-control/master/package.json' } }
245 verbose addRemoteGit caching github:daftmonk/grunt-build-control
246 verbose addRemoteGit daftmonk/grunt-build-control is a repository hosted by github
247 silly tryGitProto attempting to clone git://github.com/daftmonk/grunt-build-control.git
248 silly tryClone cloning daftmonk/grunt-build-control via git://github.com/daftmonk/grunt-build-control.git
249 verbose tryClone git-github-com-daftmonk-grunt-build-control-git-d6834a5f not in flight; caching
250 verbose already installed skipping grunt-express-server@~0.4.17 D:\git\atpexp
251 verbose already installed skipping grunt-open@~0.2.3 D:\git\atpexp
252 verbose already installed skipping open@~0.0.4 D:\git\atpexp
253 verbose already installed skipping jshint-stylish@~0.1.5 D:\git\atpexp
254 verbose already installed skipping connect-livereload@~0.4.0 D:\git\atpexp
255 verbose already installed skipping karma-ng-scenario@~0.1.0 D:\git\atpexp
256 verbose already installed skipping karma-firefox-launcher@~0.1.3 D:\git\atpexp
257 verbose already installed skipping karma-script-launcher@~0.1.0 D:\git\atpexp
258 verbose already installed skipping karma-html2js-preprocessor@~0.1.0 D:\git\atpexp
259 verbose already installed skipping karma-ng-jade2js-preprocessor@^0.1.2 D:\git\atpexp
260 verbose already installed skipping karma-jasmine@~0.1.5 D:\git\atpexp
261 verbose already installed skipping karma-chrome-launcher@~0.1.3 D:\git\atpexp
262 verbose already installed skipping requirejs@~2.1.11 D:\git\atpexp
263 verbose already installed skipping karma-requirejs@~0.2.1 D:\git\atpexp
264 verbose already installed skipping karma-coffee-preprocessor@~0.2.1 D:\git\atpexp
265 verbose already installed skipping karma-jade-preprocessor@0.0.11 D:\git\atpexp
266 verbose already installed skipping karma-phantomjs-launcher@~0.1.4 D:\git\atpexp
267 verbose already installed skipping karma@~0.12.9 D:\git\atpexp
268 verbose already installed skipping karma-ng-html2js-preprocessor@~0.1.0 D:\git\atpexp
269 verbose already installed skipping supertest@~0.11.0 D:\git\atpexp
270 verbose already installed skipping should@~3.3.1 D:\git\atpexp
271 verbose already installed skipping body-parser@~1.5.0 D:\git\atpexp
272 verbose already installed skipping composable-middleware@^0.3.0 D:\git\atpexp
273 verbose already installed skipping compression@~1.0.1 D:\git\atpexp
274 verbose already installed skipping connect-mongo@^0.4.1 D:\git\atpexp
275 verbose already installed skipping connect-multiparty@^2.0.0 D:\git\atpexp
276 verbose already installed skipping cookie-parser@~1.0.1 D:\git\atpexp
277 verbose already installed skipping ejs@~0.8.4 D:\git\atpexp
278 verbose already installed skipping errorhandler@~1.0.0 D:\git\atpexp
279 verbose already installed skipping express@~4.0.0 D:\git\atpexp
280 verbose already installed skipping express-jwt@^0.1.3 D:\git\atpexp
281 verbose already installed skipping express-session@~1.0.2 D:\git\atpexp
282 verbose already installed skipping jsonwebtoken@^0.3.0 D:\git\atpexp
283 verbose already installed skipping lodash@~2.4.1 D:\git\atpexp
284 verbose already installed skipping method-override@~1.0.0 D:\git\atpexp
285 verbose already installed skipping mongoose@~3.8.8 D:\git\atpexp
286 verbose already installed skipping morgan@~1.0.0 D:\git\atpexp
287 verbose already installed skipping passport@~0.2.0 D:\git\atpexp
288 verbose already installed skipping passport-local@~0.1.6 D:\git\atpexp
289 verbose already installed skipping serve-favicon@~2.0.1 D:\git\atpexp
290 verbose request uri https://registry.npmjs.org/grunt-node-inspector
291 verbose request no auth needed
292 info attempt registry request try #1 at 7:54:12 PM
293 verbose request id 4ed15e9921376fae
294 verbose etag "2BHGWD8O82NGXGG80XRNPL978"
295 http request GET https://registry.npmjs.org/grunt-node-inspector
296 info git [ 'config', '--get', 'remote.origin.url' ]
297 silly validateExistingRemote daftmonk/grunt-build-control remote.origin.url: git://github.com/daftmonk/grunt-build-control.git
298 verbose validateExistingRemote daftmonk/grunt-build-control is updating existing cached remote C:\Users\Rangarajan_Ramadass\AppData\Roaming\npm-cache\_git-remotes\git-github-com-daftmonk-grunt-build-control-git-d6834a5f
299 info git [ 'fetch', '-a', 'origin' ]
300 error git fetch -a origin (git://github.com/daftmonk/grunt-build-control.git) fatal: Unable to look up github.com (port 9418) (No such host is known. )
301 silly tryHTTPS attempting to clone git+https://github.com/daftmonk/grunt-build-control.git
302 silly tryClone cloning daftmonk/grunt-build-control via git+https://github.com/daftmonk/grunt-build-control.git
303 verbose tryClone https-github-com-daftmonk-grunt-build-control-git-6600c05a not in flight; caching
304 info git [ 'config', '--get', 'remote.origin.url' ]
305 warn addRemoteGit Error: Command failed: git -c core.longpaths=true config --get remote.origin.url
305 warn addRemoteGit
305 warn addRemoteGit     at ChildProcess.exithandler (child_process.js:203:12)
305 warn addRemoteGit     at emitTwo (events.js:87:13)
305 warn addRemoteGit     at ChildProcess.emit (events.js:172:7)
305 warn addRemoteGit     at maybeClose (internal/child_process.js:818:16)
305 warn addRemoteGit     at Process.ChildProcess._handle.onexit (internal/child_process.js:211:5)
305 warn addRemoteGit  daftmonk/grunt-build-control resetting remote C:\Users\Rangarajan_Ramadass\AppData\Roaming\npm-cache\_git-remotes\https-github-com-daftmonk-grunt-build-control-git-6600c05a because of error: { [Error: Command failed: git -c core.longpaths=true config --get remote.origin.url
305 warn addRemoteGit ]
305 warn addRemoteGit   killed: false,
305 warn addRemoteGit   code: 1,
305 warn addRemoteGit   signal: null,
305 warn addRemoteGit   cmd: 'git -c core.longpaths=true config --get remote.origin.url' }
306 info resetRemote resetting C:\Users\Rangarajan_Ramadass\AppData\Roaming\npm-cache\_git-remotes\https-github-com-daftmonk-grunt-build-control-git-6600c05a for daftmonk/grunt-build-control
307 silly gentlyRm C:\Users\Rangarajan_Ramadass\AppData\Roaming\npm-cache\_git-remotes\https-github-com-daftmonk-grunt-build-control-git-6600c05a is being purged
308 verbose gentlyRm don't care about contents; nuking C:\Users\Rangarajan_Ramadass\AppData\Roaming\npm-cache\_git-remotes\https-github-com-daftmonk-grunt-build-control-git-6600c05a
309 silly vacuum-fs purging C:\Users\Rangarajan_Ramadass\AppData\Roaming\npm-cache\_git-remotes\https-github-com-daftmonk-grunt-build-control-git-6600c05a
310 silly vacuum-fs quitting because other entries in C:\Users\Rangarajan_Ramadass\AppData\Roaming\npm-cache\_git-remotes
311 info git [ 'clone',
311 info git   '--template=C:\\Users\\Rangarajan_Ramadass\\AppData\\Roaming\\npm-cache\\_git-remotes\\_templates',
311 info git   '--mirror',
311 info git   'https://github.com/daftmonk/grunt-build-control.git',
311 info git   'C:\\Users\\Rangarajan_Ramadass\\AppData\\Roaming\\npm-cache\\_git-remotes\\https-github-com-daftmonk-grunt-build-control-git-6600c05a' ]
312 http 304 https://registry.npmjs.org/grunt-node-inspector
313 verbose headers { date: 'Wed, 13 Jan 2016 14:24:14 GMT',
313 verbose headers   via: '1.1 varnish',
313 verbose headers   'cache-control': 'max-age=300',
313 verbose headers   etag: '"2BHGWD8O82NGXGG80XRNPL978"',
313 verbose headers   age: '159',
313 verbose headers   connection: 'keep-alive',
313 verbose headers   'x-served-by': 'cache-sin6924-SIN',
313 verbose headers   'x-cache': 'HIT',
313 verbose headers   'x-cache-hits': '1',
313 verbose headers   'x-timer': 'S1452695054.288549,VS0,VE0',
313 verbose headers   vary: 'Accept' }
314 silly get cb [ 304,
314 silly get   { date: 'Wed, 13 Jan 2016 14:24:14 GMT',
314 silly get     via: '1.1 varnish',
314 silly get     'cache-control': 'max-age=300',
314 silly get     etag: '"2BHGWD8O82NGXGG80XRNPL978"',
314 silly get     age: '159',
314 silly get     connection: 'keep-alive',
314 silly get     'x-served-by': 'cache-sin6924-SIN',
314 silly get     'x-cache': 'HIT',
314 silly get     'x-cache-hits': '1',
314 silly get     'x-timer': 'S1452695054.288549,VS0,VE0',
314 silly get     vary: 'Accept' } ]
315 verbose etag https://registry.npmjs.org/grunt-node-inspector from cache
316 verbose get saving grunt-node-inspector to C:\Users\Rangarajan_Ramadass\AppData\Roaming\npm-cache\registry.npmjs.org\grunt-node-inspector\.cache.json
317 silly addNameRange number 2 { name: 'grunt-node-inspector',
317 silly addNameRange   range: '>=0.1.5 <0.2.0',
317 silly addNameRange   hasData: true }
318 silly addNameRange versions [ 'grunt-node-inspector',
318 silly addNameRange   [ '0.0.1',
318 silly addNameRange     '0.1.0',
318 silly addNameRange     '0.1.1',
318 silly addNameRange     '0.1.2',
318 silly addNameRange     '0.1.3',
318 silly addNameRange     '0.1.5',
318 silly addNameRange     '0.1.6',
318 silly addNameRange     '0.2.0',
318 silly addNameRange     '0.3.0',
318 silly addNameRange     '0.4.0',
318 silly addNameRange     '0.4.1' ] ]
319 silly addNamed grunt-node-inspector@0.1.6
320 verbose addNamed "0.1.6" is a plain semver version for grunt-node-inspector
321 silly cache afterAdd grunt-node-inspector@0.1.6
322 verbose afterAdd C:\Users\Rangarajan_Ramadass\AppData\Roaming\npm-cache\grunt-node-inspector\0.1.6\package\package.json not in flight; writing
323 verbose afterAdd C:\Users\Rangarajan_Ramadass\AppData\Roaming\npm-cache\grunt-node-inspector\0.1.6\package\package.json written
324 error git clone --template=C:\Users\Rangarajan_Ramadass\AppData\Roaming\npm-cache\_git-remotes\_templates --mirror https://github.com/daftmonk/grunt-build-control.git C:\Users\Rangarajan_Ramadass\AppData\Roaming\npm-cache\_git-remotes\https-github-com-daftmonk-grunt-build-control-git-6600c05a: Cloning into bare repository 'C:\Users\Rangarajan_Ramadass\AppData\Roaming\npm-cache\_git-remotes\https-github-com-daftmonk-grunt-build-control-git-6600c05a'...
324 error git clone --template=C:\Users\Rangarajan_Ramadass\AppData\Roaming\npm-cache\_git-remotes\_templates --mirror https://github.com/daftmonk/grunt-build-control.git C:\Users\Rangarajan_Ramadass\AppData\Roaming\npm-cache\_git-remotes\https-github-com-daftmonk-grunt-build-control-git-6600c05a: fatal: unable to access 'https://github.com/daftmonk/grunt-build-control.git/': Couldn't resolve host 'github.com'
325 silly trySSH attempting to clone git@github.com:daftmonk/grunt-build-control.git
326 silly tryClone cloning daftmonk/grunt-build-control via git@github.com:daftmonk/grunt-build-control.git
327 verbose tryClone git-github-com-daftmonk-grunt-build-control-git-019f2642 not in flight; caching
328 info git [ 'config', '--get', 'remote.origin.url' ]
329 warn addRemoteGit Error: Command failed: git -c core.longpaths=true config --get remote.origin.url
329 warn addRemoteGit
329 warn addRemoteGit     at ChildProcess.exithandler (child_process.js:203:12)
329 warn addRemoteGit     at emitTwo (events.js:87:13)
329 warn addRemoteGit     at ChildProcess.emit (events.js:172:7)
329 warn addRemoteGit     at maybeClose (internal/child_process.js:818:16)
329 warn addRemoteGit     at Process.ChildProcess._handle.onexit (internal/child_process.js:211:5)
329 warn addRemoteGit  daftmonk/grunt-build-control resetting remote C:\Users\Rangarajan_Ramadass\AppData\Roaming\npm-cache\_git-remotes\git-github-com-daftmonk-grunt-build-control-git-019f2642 because of error: { [Error: Command failed: git -c core.longpaths=true config --get remote.origin.url
329 warn addRemoteGit ]
329 warn addRemoteGit   killed: false,
329 warn addRemoteGit   code: 1,
329 warn addRemoteGit   signal: null,
329 warn addRemoteGit   cmd: 'git -c core.longpaths=true config --get remote.origin.url' }
330 info resetRemote resetting C:\Users\Rangarajan_Ramadass\AppData\Roaming\npm-cache\_git-remotes\git-github-com-daftmonk-grunt-build-control-git-019f2642 for daftmonk/grunt-build-control
331 silly gentlyRm C:\Users\Rangarajan_Ramadass\AppData\Roaming\npm-cache\_git-remotes\git-github-com-daftmonk-grunt-build-control-git-019f2642 is being purged
332 verbose gentlyRm don't care about contents; nuking C:\Users\Rangarajan_Ramadass\AppData\Roaming\npm-cache\_git-remotes\git-github-com-daftmonk-grunt-build-control-git-019f2642
333 silly vacuum-fs purging C:\Users\Rangarajan_Ramadass\AppData\Roaming\npm-cache\_git-remotes\git-github-com-daftmonk-grunt-build-control-git-019f2642
334 silly vacuum-fs quitting because other entries in C:\Users\Rangarajan_Ramadass\AppData\Roaming\npm-cache\_git-remotes
335 info git [ 'clone',
335 info git   '--template=C:\\Users\\Rangarajan_Ramadass\\AppData\\Roaming\\npm-cache\\_git-remotes\\_templates',
335 info git   '--mirror',
335 info git   'git@github.com:daftmonk/grunt-build-control.git',
335 info git   'C:\\Users\\Rangarajan_Ramadass\\AppData\\Roaming\\npm-cache\\_git-remotes\\git-github-com-daftmonk-grunt-build-control-git-019f2642' ]
336 error git clone --template=C:\Users\Rangarajan_Ramadass\AppData\Roaming\npm-cache\_git-remotes\_templates --mirror git@github.com:daftmonk/grunt-build-control.git C:\Users\Rangarajan_Ramadass\AppData\Roaming\npm-cache\_git-remotes\git-github-com-daftmonk-grunt-build-control-git-019f2642: Cloning into bare repository 'C:\Users\Rangarajan_Ramadass\AppData\Roaming\npm-cache\_git-remotes\git-github-com-daftmonk-grunt-build-control-git-019f2642'...
336 error git clone --template=C:\Users\Rangarajan_Ramadass\AppData\Roaming\npm-cache\_git-remotes\_templates --mirror git@github.com:daftmonk/grunt-build-control.git C:\Users\Rangarajan_Ramadass\AppData\Roaming\npm-cache\_git-remotes\git-github-com-daftmonk-grunt-build-control-git-019f2642: fatal: unable to access 'https://github.com/daftmonk/grunt-build-control.git/': Couldn't resolve host 'github.com'
337 verbose stack Error: Command failed: git -c core.longpaths=true clone --template=C:\Users\Rangarajan_Ramadass\AppData\Roaming\npm-cache\_git-remotes\_templates --mirror git@github.com:daftmonk/grunt-build-control.git C:\Users\Rangarajan_Ramadass\AppData\Roaming\npm-cache\_git-remotes\git-github-com-daftmonk-grunt-build-control-git-019f2642
337 verbose stack Cloning into bare repository 'C:\Users\Rangarajan_Ramadass\AppData\Roaming\npm-cache\_git-remotes\git-github-com-daftmonk-grunt-build-control-git-019f2642'...
337 verbose stack fatal: unable to access 'https://github.com/daftmonk/grunt-build-control.git/': Couldn't resolve host 'github.com'
337 verbose stack
337 verbose stack     at ChildProcess.exithandler (child_process.js:203:12)
337 verbose stack     at emitTwo (events.js:87:13)
337 verbose stack     at ChildProcess.emit (events.js:172:7)
337 verbose stack     at maybeClose (internal/child_process.js:818:16)
337 verbose stack     at Process.ChildProcess._handle.onexit (internal/child_process.js:211:5)
338 verbose cwd D:\git\atpexp
339 error Windows_NT 6.1.7601
340 error argv "C:\\Program Files\\nodejs\\node.exe" "C:\\Program Files\\nodejs\\node_modules\\npm\\bin\\npm-cli.js" "install"
341 error node v4.2.2
342 error npm  v2.14.7
343 error code 128
344 error Command failed: git -c core.longpaths=true clone --template=C:\Users\Rangarajan_Ramadass\AppData\Roaming\npm-cache\_git-remotes\_templates --mirror git@github.com:daftmonk/grunt-build-control.git C:\Users\Rangarajan_Ramadass\AppData\Roaming\npm-cache\_git-remotes\git-github-com-daftmonk-grunt-build-control-git-019f2642
344 error Cloning into bare repository 'C:\Users\Rangarajan_Ramadass\AppData\Roaming\npm-cache\_git-remotes\git-github-com-daftmonk-grunt-build-control-git-019f2642'...
344 error fatal: unable to access 'https://github.com/daftmonk/grunt-build-control.git/': Couldn't resolve host 'github.com'
345 error If you need help, you may report this error at:
345 error     <https://github.com/npm/npm/issues>
346 verbose exit [ 1, true ]
